\BOOKMARK [1][-]{section*.5}{\376\377\000\040\000D\000A\000N\000H\000\040\000M\036\344\000C\000\040\000K\000\335\000\040\000H\000I\036\306\000U\000\040\000V\000\300\000\040\000C\000H\036\356\000\040\000V\000I\036\276\000T\000\040\000T\036\256\000T}{}% 1
\BOOKMARK [1][-]{section*.6}{\376\377\000\040\000D\000A\000N\000H\000\040\000M\036\344\000C\000\040\000H\000\314\000N\000H\000\040\000V\036\274}{}% 2
\BOOKMARK [1][-]{section*.7}{\376\377\000\040\000D\000A\000N\000H\000\040\000M\036\344\000C\000\040\000B\036\242\000N\000G\000\040\000B\000I\036\302\000U}{}% 3
\BOOKMARK [1][-]{section*.8}{\376\377\000T\000\323\000M\000\040\000T\036\256\000T\000\040\001\020\036\322\000\040\000\301\000N}{}% 4
\BOOKMARK [1][-]{section*.8}{\376\377\000C\000H\001\257\001\240\000N\000G\000\040\0001\000.\000\040\000T\036\324\000N\000G\000\040\000Q\000U\000A\000N\000\040\001\020\036\300\000\040\000T\000\300\000I}{}% 5
\BOOKMARK [2][-]{subsection.1.1}{\376\377\001\020\036\267\000t\000\040\000v\036\245\000n\000\040\001\021\036\301}{section*.8}% 6
\BOOKMARK [2][-]{subsection.1.2}{\376\377\000M\036\345\000c\000\040\001\021\000\355\000c\000h\000\040\000n\000g\000h\000i\000\352\000n\000\040\000c\036\351\000u}{section*.8}% 7
\BOOKMARK [2][-]{subsection.1.3}{\376\377\000K\036\277\000t\000\040\000l\000u\036\255\000n\000\040\000c\000h\001\260\001\241\000n\000g}{section*.8}% 8
\BOOKMARK [1][-]{subsection.1.3}{\376\377\000C\000H\001\257\001\240\000N\000G\000\040\0002\000.\000\040\000C\001\240\000\040\000S\036\336\000\040\000L\000\335\000\040\000T\000H\000U\000Y\036\276\000T}{}% 9
\BOOKMARK [2][-]{subsection.2.1}{\376\377\000M\000\364\000\040\000h\000\354\000n\000h\000\040\000M\000V\000C}{subsection.1.3}% 10
\BOOKMARK [2][-]{subsection.2.2}{\376\377\000N\000g\000\364\000n\000\040\000n\000g\036\357\000\040\000l\036\255\000p\000\040\000t\000r\000\354\000n\000h\000\040\000J\000a\000v\000a\000S\000c\000r\000i\000p\000t}{subsection.1.3}% 11
\BOOKMARK [2][-]{subsection.2.3}{\376\377\000N\000o\000d\000e\000.\000j\000s}{subsection.1.3}% 12
\BOOKMARK [2][-]{subsection.2.4}{\376\377\000M\000y\000S\000Q\000L}{subsection.1.3}% 13
\BOOKMARK [2][-]{subsection.2.5}{\376\377\000R\000e\000a\000c\000t\000J\000S}{subsection.1.3}% 14
\BOOKMARK [1][-]{subsection.2.5}{\376\377\000C\000H\001\257\001\240\000N\000G\000\040\0003\000.\000\040\000P\000H\000\302\000N\000\040\000T\000\315\000C\000H\000\040\000V\000\300\000\040\000T\000H\000I\036\276\000T\000\040\000K\036\276\000\040\000H\036\306\000\040\000T\000H\036\320\000N\000G}{}% 15
\BOOKMARK [2][-]{subsection.3.1}{\376\377\000S\001\241\000\040\001\021\036\323\000\040\000p\000h\000\342\000n\000\040\000c\036\245\000p\000\040\000c\000h\036\351\000c\000\040\000n\001\003\000n\000g\000\040\000\050\000F\000H\000D\000\051}{subsection.2.5}% 16
\BOOKMARK [2][-]{subsection.3.2}{\376\377\000S\001\241\000\040\001\021\036\323\000\040\000l\000u\036\323\000n\000g\000\040\000d\036\357\000\040\000l\000i\036\307\000u\000\040\000\050\000D\000F\000D\000\051}{subsection.2.5}% 17
\BOOKMARK [3][-]{subsubsection.3.2.1}{\376\377\000M\036\351\000c\000\040\000n\000g\036\357\000\040\000c\036\243\000n\000h}{subsection.3.2}% 18
\BOOKMARK [3][-]{subsubsection.3.2.2}{\376\377\000M\036\351\000c\000\040\001\021\036\311\000n\000h}{subsection.3.2}% 19
\BOOKMARK [3][-]{subsubsection.3.2.3}{\376\377\000M\036\351\000c\000\040\000d\001\260\036\333\000i\000\040\001\021\036\311\000n\000h}{subsection.3.2}% 20
\BOOKMARK [2][-]{subsection.3.3}{\376\377\000S\001\241\000\040\001\021\036\323\000\040\000k\036\313\000c\000h\000\040\000b\036\243\000n\000\040\000s\036\355\000\040\000d\036\345\000n\000g\000\040\000\050\000U\000s\000e\000\040\000C\000a\000s\000e\000\051}{subsection.2.5}% 21
\BOOKMARK [3][-]{subsubsection.3.3.1}{\376\377\000D\000a\000n\000h\000\040\000s\000\341\000c\000h\000\040\000U\000s\000e\000\040\000C\000a\000s\000e}{subsection.3.3}% 22
\BOOKMARK [3][-]{subsubsection.3.3.2}{\376\377\000S\001\241\000\040\001\021\036\323\000\040\000U\000s\000e\000\040\000C\000a\000s\000e}{subsection.3.3}% 23
